Determining if the pthread_create exist failed with the following output:
Change Dir: /home/workspace/CppND-Route-Planning-Project/build/CMakeFiles/CMakeTmp

Run Build Command:"/usr/bin/make" "cmTC_dec52/fast"
/usr/bin/make -f CMakeFiles/cmTC_dec52.dir/build.make CMakeFiles/cmTC_dec52.dir/build
make[1]: Entering directory '/home/workspace/CppND-Route-Planning-Project/build/CMakeFiles/CMakeTmp'
Building C object CMakeFiles/cmTC_dec52.dir/CheckSymbolExists.c.o
/usr/bin/cc    -o CMakeFiles/cmTC_dec52.dir/CheckSymbolExists.c.o   -c /home/workspace/CppND-Route-Planning-Project/build/CMakeFiles/CMakeTmp/CheckSymbolExists.c
Linking C executable cmTC_dec52
/usr/local/bin/cmake -E cmake_link_script CMakeFiles/cmTC_dec52.dir/link.txt --verbose=1
/usr/bin/cc      -rdynamic CMakeFiles/cmTC_dec52.dir/CheckSymbolExists.c.o  -o cmTC_dec52 
CMakeFiles/cmTC_dec52.dir/CheckSymbolExists.c.o: In function `main':
CheckSymbolExists.c:(.text+0x16): undefined reference to `pthread_create'
collect2: error: ld returned 1 exit status
CMakeFiles/cmTC_dec52.dir/build.make:86: recipe for target 'cmTC_dec52' failed
make[1]: *** [cmTC_dec52] Error 1
make[1]: Leaving directory '/home/workspace/CppND-Route-Planning-Project/build/CMakeFiles/CMakeTmp'
Makefile:121: recipe for target 'cmTC_dec52/fast' failed
make: *** [cmTC_dec52/fast] Error 2

File /home/workspace/CppND-Route-Planning-Project/build/CMakeFiles/CMakeTmp/CheckSymbolExists.c:
/* */
#include <pthread.h>

int main(int argc, char** argv)
{
  (void)argv;
#ifndef pthread_create
  return ((int*)(&pthread_create))[argc];
#else
  (void)argc;
  return 0;
#endif
}

Determining if the function pthread_create exists in the pthreads failed with the following output:
Change Dir: /home/workspace/CppND-Route-Planning-Project/build/CMakeFiles/CMakeTmp

Run Build Command:"/usr/bin/make" "cmTC_cb214/fast"
/usr/bin/make -f CMakeFiles/cmTC_cb214.dir/build.make CMakeFiles/cmTC_cb214.dir/build
make[1]: Entering directory '/home/workspace/CppND-Route-Planning-Project/build/CMakeFiles/CMakeTmp'
Building C object CMakeFiles/cmTC_cb214.dir/CheckFunctionExists.c.o
/usr/bin/cc   -DCHECK_FUNCTION_EXISTS=pthread_create   -o CMakeFiles/cmTC_cb214.dir/CheckFunctionExists.c.o   -c /usr/local/share/cmake-3.13/Modules/CheckFunctionExists.c
Linking C executable cmTC_cb214
/usr/local/bin/cmake -E cmake_link_script CMakeFiles/cmTC_cb214.dir/link.txt --verbose=1
/usr/bin/cc  -DCHECK_FUNCTION_EXISTS=pthread_create    -rdynamic CMakeFiles/cmTC_cb214.dir/CheckFunctionExists.c.o  -o cmTC_cb214 -lpthreads 
/usr/bin/ld: cannot find -lpthreads
collect2: error: ld returned 1 exit status
CMakeFiles/cmTC_cb214.dir/build.make:86: recipe for target 'cmTC_cb214' failed
make[1]: *** [cmTC_cb214] Error 1
make[1]: Leaving directory '/home/workspace/CppND-Route-Planning-Project/build/CMakeFiles/CMakeTmp'
Makefile:121: recipe for target 'cmTC_cb214/fast' failed
make: *** [cmTC_cb214/fast] Error 2


